[<class 'ValueError'>] alone1.wugeek.com 
[<class 'ValueError'>] vp.wugeek.com 
[<class 'ValueError'>] fredpoa.wugeek.com 
[<class 'ValueError'>] favstar.wugeek.com 
[<class 'ValueError'>] itodei.wugeek.com 
[<class 'ValueError'>] linkguru.wugeek.com 
[<class 'ValueError'>] spagna.wugeek.com 
[<class 'ValueError'>] birfodda.wugeek.com 
[<class 'ValueError'>] cust125.wugeek.com 
[<class 'ValueError'>] zj.wugeek.com 
[<class 'ValueError'>] flexy-dz.qq.com 
[<class 'ValueError'>] dchaffiol.qq.com 
[<class 'ValueError'>] ourtimes.qq.com 
[<class 'ValueError'>] ras4web.qq.com 
[<class 'ValueError'>] rip747.qq.com 
[<class 'ValueError'>] ppp5.qq.com 
[<class 'ValueError'>] listing.qq.com 
[<class 'ValueError'>] supertop1.qq.com 
[<class 'ValueError'>] anthsyd.qq.com 
[<class 'ValueError'>] finnbucks.qq.com 
[<class 'ValueError'>] exec.qq.com 
[<class 'ValueError'>] eng01.qq.com 
[<class 'ValueError'>] ni.qq.com 
